<?xml version="1.0" encoding="UTF-8"?>
<testsuite name="dao.Sql2oDepartmentDaoTest" tests="1" skipped="0" failures="0" errors="0" timestamp="2019-06-07T16:39:44" hostname="LTTECH281" time="0.546">
  <properties/>
  <testcase name="clearAllClearsAll" classname="dao.Sql2oDepartmentDaoTest" time="0.546"/>
  <system-out><![CDATA[]]></system-out>
  <system-err><![CDATA[]]></system-err>
</testsuite>
